{"numTotalTestSuites":31,"numPassedTestSuites":31,"numFailedTestSuites":0,"numPendingTestSuites":0,"numTotalTests":32,"numPassedTests":32,"numFailedTests":0,"numPendingTests":0,"numTodoTests":0,"snapshot":{"added":0,"failure":false,"filesAdded":0,"filesRemoved":0,"filesRemovedList":[],"filesUnmatched":0,"filesUpdated":0,"matched":0,"total":0,"unchecked":0,"uncheckedKeysByFile":[],"unmatched":0,"updated":0,"didUpdate":false},"startTime":1758221461470,"success":true,"testResults":[{"assertionResults":[{"ancestorTitles":["InMemoryChallengeRepository"],"fullName":"InMemoryChallengeRepository salva e recupera por id","status":"passed","title":"salva e recupera por id","duration":3,"failureMessages":[],"meta":{}},{"ancestorTitles":["InMemoryChallengeRepository"],"fullName":"InMemoryChallengeRepository retorna null para id inexistente","status":"passed","title":"retorna null para id inexistente","duration":0,"failureMessages":[],"meta":{}}],"startTime":1758221466131,"endTime":1758221466135,"status":"passed","message":"","name":"D:/leo/Projetos/Projeto DevEnigma/src/modules/challenges/__tests__/InMemoryChallengeRepository.spec.ts"},{"assertionResults":[{"ancestorTitles":["InMemoryTestCaseRepository"],"fullName":"InMemoryTestCaseRepository retorna test cases por challenge","status":"passed","title":"retorna test cases por challenge","duration":6,"failureMessages":[],"meta":{}},{"ancestorTitles":["InMemoryTestCaseRepository"],"fullName":"InMemoryTestCaseRepository substitui test cases ao salvar array de mesmo challenge","status":"passed","title":"substitui test cases ao salvar array de mesmo challenge","duration":1,"failureMessages":[],"meta":{}}],"startTime":1758221465589,"endTime":1758221465596,"status":"passed","message":"","name":"D:/leo/Projetos/Projeto DevEnigma/src/modules/challenges/__tests__/InMemoryTestCaseRepository.spec.ts"},{"assertionResults":[{"ancestorTitles":["Profile entity and repository"],"fullName":"Profile entity and repository increments attempts and solved only first time","status":"passed","title":"increments attempts and solved only first time","duration":4,"failureMessages":[],"meta":{}}],"startTime":1758221466334,"endTime":1758221466338,"status":"passed","message":"","name":"D:/leo/Projetos/Projeto DevEnigma/src/modules/profiles/__tests__/ProfileService.spec.ts"},{"assertionResults":[{"ancestorTitles":["Ranking ordering"],"fullName":"Ranking ordering orders by solved desc then attempts asc then username","status":"passed","title":"orders by solved desc then attempts asc then username","duration":36,"failureMessages":[],"meta":{}}],"startTime":1758221465326,"endTime":1758221465362,"status":"passed","message":"","name":"D:/leo/Projetos/Projeto DevEnigma/src/modules/profiles/__tests__/RankingOrdering.spec.ts"},{"assertionResults":[{"ancestorTitles":["DefaultSubmissionService"],"fullName":"DefaultSubmissionService aprova submissão quando todos test cases passam","status":"passed","title":"aprova submissão quando todos test cases passam","duration":10,"failureMessages":[],"meta":{}},{"ancestorTitles":["DefaultSubmissionService"],"fullName":"DefaultSubmissionService falha submissão quando output não corresponde","status":"passed","title":"falha submissão quando output não corresponde","duration":3,"failureMessages":[],"meta":{}}],"startTime":1758221462709,"endTime":1758221462724,"status":"passed","message":"","name":"D:/leo/Projetos/Projeto DevEnigma/src/modules/submissions/__tests__/DefaultSubmissionService.spec.ts"},{"assertionResults":[{"ancestorTitles":["Hidden test cases filtering"],"fullName":"Hidden test cases filtering não retorna casos ocultos no payload","status":"passed","title":"não retorna casos ocultos no payload","duration":12,"failureMessages":[],"meta":{}}],"startTime":1758221463930,"endTime":1758221463942,"status":"passed","message":"","name":"D:/leo/Projetos/Projeto DevEnigma/src/modules/submissions/__tests__/HiddenCases.spec.ts"},{"assertionResults":[{"ancestorTitles":["WhitespaceCaseInsensitiveStrategy"],"fullName":"WhitespaceCaseInsensitiveStrategy passa quando diferem apenas espaços múltiplos e quebras de linha","status":"passed","title":"passa quando diferem apenas espaços múltiplos e quebras de linha","duration":4,"failureMessages":[],"meta":{}},{"ancestorTitles":["WhitespaceCaseInsensitiveStrategy"],"fullName":"WhitespaceCaseInsensitiveStrategy passa quando diferem apenas em maiúsculas/minúsculas","status":"passed","title":"passa quando diferem apenas em maiúsculas/minúsculas","duration":1,"failureMessages":[],"meta":{}},{"ancestorTitles":["WhitespaceCaseInsensitiveStrategy"],"fullName":"WhitespaceCaseInsensitiveStrategy falha quando conteúdo lógico difere","status":"passed","title":"falha quando conteúdo lógico difere","duration":0,"failureMessages":[],"meta":{}}],"startTime":1758221464511,"endTime":1758221464516,"status":"passed","message":"","name":"D:/leo/Projetos/Projeto DevEnigma/src/modules/submissions/__tests__/WhitespaceCaseInsensitiveStrategy.spec.ts"},{"assertionResults":[{"ancestorTitles":["computeMatrixConfig"],"fullName":"computeMatrixConfig usa defaults quando nada é passado","status":"passed","title":"usa defaults quando nada é passado","duration":3,"failureMessages":[],"meta":{}},{"ancestorTitles":["computeMatrixConfig"],"fullName":"computeMatrixConfig aplica intensidade low reduzindo opacity e density","status":"passed","title":"aplica intensidade low reduzindo opacity e density","duration":0,"failureMessages":[],"meta":{}},{"ancestorTitles":["computeMatrixConfig"],"fullName":"computeMatrixConfig aplica intensidade high aumentando opacity e density","status":"passed","title":"aplica intensidade high aumentando opacity e density","duration":1,"failureMessages":[],"meta":{}},{"ancestorTitles":["computeMatrixConfig"],"fullName":"computeMatrixConfig variante editor força parâmetros específicos","status":"passed","title":"variante editor força parâmetros específicos","duration":0,"failureMessages":[],"meta":{}}],"startTime":1758221464776,"endTime":1758221464781,"status":"passed","message":"","name":"D:/leo/Projetos/Projeto DevEnigma/src/modules/shared/ui/__tests__/MatrixRainBackground.spec.ts"},{"assertionResults":[{"ancestorTitles":["diffLines additional cases"],"fullName":"diffLines additional cases empty vs content","status":"passed","title":"empty vs content","duration":2,"failureMessages":[],"meta":{}},{"ancestorTitles":["diffLines additional cases"],"fullName":"diffLines additional cases content vs empty","status":"passed","title":"content vs empty","duration":0,"failureMessages":[],"meta":{}},{"ancestorTitles":["diffLines additional cases"],"fullName":"diffLines additional cases only insertion at beginning","status":"passed","title":"only insertion at beginning","duration":1,"failureMessages":[],"meta":{}},{"ancestorTitles":["diffLines additional cases"],"fullName":"diffLines additional cases only insertion at end","status":"passed","title":"only insertion at end","duration":3,"failureMessages":[],"meta":{}}],"startTime":1758221466167,"endTime":1758221466174,"status":"passed","message":"","name":"D:/leo/Projetos/Projeto DevEnigma/src/modules/submissions/__tests__/diff/diff.additional.spec.ts"},{"assertionResults":[{"ancestorTitles":["diffLines"],"fullName":"diffLines returns no changes for identical text","status":"passed","title":"returns no changes for identical text","duration":10,"failureMessages":[],"meta":{}},{"ancestorTitles":["diffLines"],"fullName":"diffLines detects additions and deletions","status":"passed","title":"detects additions and deletions","duration":2,"failureMessages":[],"meta":{}},{"ancestorTitles":["diffInline"],"fullName":"diffInline produces inline char changes for modified line","status":"passed","title":"produces inline char changes for modified line","duration":2,"failureMessages":[],"meta":{}}],"startTime":1758221465298,"endTime":1758221465313,"status":"passed","message":"","name":"D:/leo/Projetos/Projeto DevEnigma/src/modules/submissions/__tests__/diff/diff.spec.ts"},{"assertionResults":[{"ancestorTitles":["Judge0HttpClient retry & timeout"],"fullName":"Judge0HttpClient retry & timeout retries on 500 and succeeds","status":"passed","title":"retries on 500 and succeeds","duration":54,"failureMessages":[],"meta":{}},{"ancestorTitles":["Judge0HttpClient retry & timeout"],"fullName":"Judge0HttpClient retry & timeout fails after retries exhausted","status":"passed","title":"fails after retries exhausted","duration":6,"failureMessages":[],"meta":{}},{"ancestorTitles":["Judge0HttpClient retry & timeout"],"fullName":"Judge0HttpClient retry & timeout retries on timeout then succeeds","status":"passed","title":"retries on timeout then succeeds","duration":73,"failureMessages":[],"meta":{}}],"startTime":1758221462680,"endTime":1758221462813,"status":"passed","message":"","name":"D:/leo/Projetos/Projeto DevEnigma/src/modules/submissions/__tests__/infrastructure/Judge0HttpClient.retry.spec.ts"},{"assertionResults":[{"ancestorTitles":["Judge0HttpClient status classification"],"fullName":"Judge0HttpClient status classification handles compilation error","status":"passed","title":"handles compilation error","duration":8,"failureMessages":[],"meta":{}},{"ancestorTitles":["Judge0HttpClient status classification"],"fullName":"Judge0HttpClient status classification handles runtime error","status":"passed","title":"handles runtime error","duration":1,"failureMessages":[],"meta":{}}],"startTime":1758221464516,"endTime":1758221464525,"status":"passed","message":"","name":"D:/leo/Projetos/Projeto DevEnigma/src/modules/submissions/__tests__/infrastructure/Judge0HttpClient.status.spec.ts"},{"assertionResults":[{"ancestorTitles":["DefaultSubmissionService diff generation"],"fullName":"DefaultSubmissionService diff generation includes diff for failing visible case","status":"passed","title":"includes diff for failing visible case","duration":9,"failureMessages":[],"meta":{}},{"ancestorTitles":["DefaultSubmissionService diff generation"],"fullName":"DefaultSubmissionService diff generation CRLF vs LF difference produces diff","status":"passed","title":"CRLF vs LF difference produces diff","duration":2,"failureMessages":[],"meta":{}}],"startTime":1758221462711,"endTime":1758221462722,"status":"passed","message":"","name":"D:/leo/Projetos/Projeto DevEnigma/src/modules/submissions/__tests__/service/SubmissionService.diff.spec.ts"},{"assertionResults":[{"ancestorTitles":["SubmissionService with many test cases"],"fullName":"SubmissionService with many test cases processes large number of cases within reasonable time","status":"passed","title":"processes large number of cases within reasonable time","duration":6,"failureMessages":[],"meta":{}}],"startTime":1758221463689,"endTime":1758221463695,"status":"passed","message":"","name":"D:/leo/Projetos/Projeto DevEnigma/src/modules/submissions/__tests__/service/SubmissionService.manyCases.spec.ts"},{"assertionResults":[{"ancestorTitles":["Profile integration flow"],"fullName":"Profile integration flow increments attempts, solved only on first pass","status":"passed","title":"increments attempts, solved only on first pass","duration":10,"failureMessages":[],"meta":{}}],"startTime":1758221463672,"endTime":1758221463682,"status":"passed","message":"","name":"D:/leo/Projetos/Projeto DevEnigma/src/modules/submissions/__tests__/service/SubmissionService.profileFlow.spec.ts"}]}